[0.765s] Invoking command in '/home/airlab/Downloads/LiDAR_HumanFollowing-master/src/leg_dector': PYTHONPATH=/home/airlab/Downloads/LiDAR_HumanFollowing-master/build/leg_dector/prefix_override:/home/airlab/Downloads/LiDAR_HumanFollowing-master/install/leg_dector/lib/python3.8/site-packages:${PYTHONPATH} /usr/bin/python3 -W ignore:setup.py install is deprecated setup.py egg_info --egg-base ../../build/leg_dector build --build-base /home/airlab/Downloads/LiDAR_HumanFollowing-master/build/leg_dector/build install --record /home/airlab/Downloads/LiDAR_HumanFollowing-master/build/leg_dector/install.log --single-version-externally-managed install_data
[1.019s] running egg_info
[1.020s] writing ../../build/leg_dector/leg_dector.egg-info/PKG-INFO
[1.021s] writing dependency_links to ../../build/leg_dector/leg_dector.egg-info/dependency_links.txt
[1.022s] writing entry points to ../../build/leg_dector/leg_dector.egg-info/entry_points.txt
[1.022s] writing requirements to ../../build/leg_dector/leg_dector.egg-info/requires.txt
[1.022s] writing top-level names to ../../build/leg_dector/leg_dector.egg-info/top_level.txt
[1.055s] reading manifest file '../../build/leg_dector/leg_dector.egg-info/SOURCES.txt'
[1.055s] writing manifest file '../../build/leg_dector/leg_dector.egg-info/SOURCES.txt'
[1.055s] running build
[1.055s] running build_py
[1.056s] running install
[1.056s] running install_lib
[1.058s] running install_data
[1.058s] running install_egg_info
[1.059s] removing '/home/airlab/Downloads/LiDAR_HumanFollowing-master/install/leg_dector/lib/python3.8/site-packages/leg_dector-0.0.0-py3.8.egg-info' (and everything under it)
[1.073s] Copying ../../build/leg_dector/leg_dector.egg-info to /home/airlab/Downloads/LiDAR_HumanFollowing-master/install/leg_dector/lib/python3.8/site-packages/leg_dector-0.0.0-py3.8.egg-info
[1.076s] running install_scripts
[1.090s] Installing go_back script to /home/airlab/Downloads/LiDAR_HumanFollowing-master/install/leg_dector/lib/leg_dector
[1.091s] Installing human_following script to /home/airlab/Downloads/LiDAR_HumanFollowing-master/install/leg_dector/lib/leg_dector
[1.091s] Installing leg_detection script to /home/airlab/Downloads/LiDAR_HumanFollowing-master/install/leg_dector/lib/leg_dector
[1.091s] writing list of installed files to '/home/airlab/Downloads/LiDAR_HumanFollowing-master/build/leg_dector/install.log'
[1.114s] Invoked command in '/home/airlab/Downloads/LiDAR_HumanFollowing-master/src/leg_dector' returned '0': PYTHONPATH=/home/airlab/Downloads/LiDAR_HumanFollowing-master/build/leg_dector/prefix_override:/home/airlab/Downloads/LiDAR_HumanFollowing-master/install/leg_dector/lib/python3.8/site-packages:${PYTHONPATH} /usr/bin/python3 -W ignore:setup.py install is deprecated setup.py egg_info --egg-base ../../build/leg_dector build --build-base /home/airlab/Downloads/LiDAR_HumanFollowing-master/build/leg_dector/build install --record /home/airlab/Downloads/LiDAR_HumanFollowing-master/build/leg_dector/install.log --single-version-externally-managed install_data
