[0.000000] (-) TimerEvent: {}
[0.000381] (leg_dector) JobQueued: {'identifier': 'leg_dector', 'dependencies': OrderedDict()}
[0.000505] (turtlebot4_navigation) JobQueued: {'identifier': 'turtlebot4_navigation', 'dependencies': OrderedDict()}
[0.000587] (leg_dector) JobStarted: {'identifier': 'leg_dector'}
[0.015584] (turtlebot4_navigation) JobStarted: {'identifier': 'turtlebot4_navigation'}
[0.090750] (-) TimerEvent: {}
[0.191443] (-) TimerEvent: {}
[0.293902] (-) TimerEvent: {}
[0.394608] (-) TimerEvent: {}
[0.436291] (turtlebot4_navigation) JobProgress: {'identifier': 'turtlebot4_navigation', 'progress': 'cmake'}
[0.441655] (turtlebot4_navigation) Command: {'cmd': ['/usr/bin/cmake', '/home/airlab/Downloads/LiDAR_HumanFollowing-master/src/turtlebot4_navigation', '-DCMAKE_INSTALL_PREFIX=/home/airlab/Downloads/LiDAR_HumanFollowing-master/install/turtlebot4_navigation'], 'cwd': '/home/airlab/Downloads/LiDAR_HumanFollowing-master/build/turtlebot4_navigation', 'env': OrderedDict([('USER', 'airlab'), ('LC_TIME', 'lzh_TW'), ('SSH_AGENT_PID', '1497'), ('XDG_SESSION_TYPE', 'x11'), ('SHLVL', '1'), ('LD_LIBRARY_PATH', '/opt/ros/galactic/opt/yaml_cpp_vendor/lib:/opt/ros/galactic/opt/rviz_ogre_vendor/lib:/opt/ros/galactic/lib/x86_64-linux-gnu:/opt/ros/galactic/lib'), ('HOME', '/home/airlab'), ('OLDPWD', '/home/airlab/Downloads/LiDAR_HumanFollowing-master/src'), ('DESKTOP_SESSION', 'ubuntu'), ('ROS_PYTHON_VERSION', '3'), ('GNOME_SHELL_SESSION_MODE', 'ubuntu'), ('GTK_MODULES', 'gail:atk-bridge'), ('LC_MONETARY', 'lzh_TW'), ('MANAGERPID', '1359'), ('DBUS_STARTER_BUS_TYPE', 'session'), ('DBUS_SESSION_BUS_ADDRESS', 'unix:path=/run/user/1000/bus,guid=82c9d602324d1594e555f6d066da9e0d'), ('COLORTERM', 'truecolor'), ('_colcon_cd_root', '/opt/ros/galactic/'), ('IM_CONFIG_PHASE', '1'), ('ROS_DISTRO', 'galactic'), ('LOGNAME', 'airlab'), ('JOURNAL_STREAM', '8:51787'), ('_', '/usr/bin/colcon'), ('ROS_VERSION', '2'), ('XDG_SESSION_CLASS', 'user'), ('USERNAME', 'airlab'), ('TERM', 'xterm-256color'), ('GNOME_DESKTOP_SESSION_ID', 'this-is-deprecated'), ('ROS_LOCALHOST_ONLY', '0'), ('WINDOWPATH', '2'), ('PATH', '/opt/ros/galactic/bin:/usr/local/sbin:/usr/local/bin:/usr/sbin:/usr/bin:/sbin:/bin:/usr/games:/usr/local/games:/snap/bin'), ('SESSION_MANAGER', 'local/airlab-virtual-machine:@/tmp/.ICE-unix/1532,unix/airlab-virtual-machine:/tmp/.ICE-unix/1532'), ('INVOCATION_ID', '6bdc755152fd43328c6d07f310cb79d5'), ('XDG_MENU_PREFIX', 'gnome-'), ('LC_ADDRESS', 'lzh_TW'), ('GNOME_TERMINAL_SCREEN', '/org/gnome/Terminal/screen/892e5435_664b_4b4e_b512_11a577fabc64'), ('XDG_RUNTIME_DIR', '/run/user/1000'), ('DISPLAY', ':0'), ('LANG', 'en_US.UTF-8'), ('XDG_CURRENT_DESKTOP', 'ubuntu:GNOME'), ('LC_TELEPHONE', 'lzh_TW'), ('XMODIFIERS', '@im=ibus'), ('XDG_SESSION_DESKTOP', 'ubuntu'), ('XAUTHORITY', '/run/user/1000/gdm/Xauthority'), ('GNOME_TERMINAL_SERVICE', ':1.837'), ('SSH_AUTH_SOCK', '/run/user/1000/keyring/ssh'), ('ROS_DOMAIN_ID', '87'), ('AMENT_PREFIX_PATH', '/opt/ros/galactic'), ('SHELL', '/bin/bash'), ('LC_NAME', 'lzh_TW'), ('QT_ACCESSIBILITY', '1'), ('GDMSESSION', 'ubuntu'), ('LC_MEASUREMENT', 'lzh_TW'), ('GPG_AGENT_INFO', '/run/user/1000/gnupg/S.gpg-agent:0:1'), ('LC_IDENTIFICATION', 'lzh_TW'), ('QT_IM_MODULE', 'ibus'), ('PWD', '/home/airlab/Downloads/LiDAR_HumanFollowing-master/build/turtlebot4_navigation'), ('LC_ALL', 'en_US.UTF-8'), ('XDG_CONFIG_DIRS', '/etc/xdg/xdg-ubuntu:/etc/xdg'), ('DBUS_STARTER_ADDRESS', 'unix:path=/run/user/1000/bus,guid=82c9d602324d1594e555f6d066da9e0d'), ('XDG_DATA_DIRS', '/usr/share/ubuntu:/usr/local/share/:/usr/share/:/var/lib/snapd/desktop'), ('PYTHONPATH', '/opt/ros/galactic/lib/python3.8/site-packages'), ('LC_NUMERIC', 'lzh_TW'), ('LC_PAPER', 'lzh_TW'), ('COLCON', '1'), ('VTE_VERSION', '6003'), ('CMAKE_PREFIX_PATH', '/opt/ros/galactic')]), 'shell': False}
[0.495181] (-) TimerEvent: {}
[0.533693] (turtlebot4_navigation) StderrLine: {'line': b'CMake Error: The source directory "/home/airlab/Downloads/LiDAR_HumanFollowing-master/src/turtlebot4_navigation" does not appear to contain CMakeLists.txt.\n'}
[0.538146] (turtlebot4_navigation) StderrLine: {'line': b'Specify --help for usage, or press the help button on the CMake GUI.\n'}
[0.543962] (turtlebot4_navigation) CommandEnded: {'returncode': 1}
[0.550435] (turtlebot4_navigation) StderrLine: {'line': b'Traceback (most recent call last):\n  File "/usr/lib/python3/dist-packages/colcon_core/executor/__init__.py", line 91, in __call__\n    rc = await self.task(*args, **kwargs)\n  File "/usr/lib/python3/dist-packages/colcon_core/task/__init__.py", line 93, in __call__\n    return await task_method(*args, **kwargs)\n  File "/usr/lib/python3/dist-packages/colcon_ros/task/ament_cmake/build.py", line 59, in build\n    rc = await extension.build(\n  File "/usr/lib/python3/dist-packages/colcon_cmake/task/cmake/build.py", line 87, in build\n    rc = await self._reconfigure(args, env)\n  File "/usr/lib/python3/dist-packages/colcon_cmake/task/cmake/build.py", line 182, in _reconfigure\n    buildfile = get_buildfile(cmake_cache)\n  File "/usr/lib/python3/dist-packages/colcon_cmake/task/cmake/__init__.py", line 114, in get_buildfile\n    if \'Visual Studio\' in generator:\nTypeError: argument of type \'NoneType\' is not iterable\n'}
[0.557371] (turtlebot4_navigation) JobEnded: {'identifier': 'turtlebot4_navigation', 'rc': 1}
[0.596099] (-) TimerEvent: {}
[0.696779] (-) TimerEvent: {}
[0.797657] (-) TimerEvent: {}
[0.901959] (-) TimerEvent: {}
[1.002693] (-) TimerEvent: {}
[1.103188] (-) TimerEvent: {}
[1.109040] (leg_dector) JobEnded: {'identifier': 'leg_dector', 'rc': 'SIGINT'}
[1.119725] (-) EventReactorShutdown: {}
