[0.595s] Invoking command in '/home/airlab/Downloads/LiDAR_HumanFollowing-master/src/leg_dector': PYTHONPATH=/home/airlab/Downloads/LiDAR_HumanFollowing-master/build/leg_dector/prefix_override:/home/airlab/Downloads/LiDAR_HumanFollowing-master/install/leg_dector/lib/python3.8/site-packages:${PYTHONPATH} /usr/bin/python3 -W ignore:setup.py install is deprecated setup.py egg_info --egg-base ../../build/leg_dector build --build-base /home/airlab/Downloads/LiDAR_HumanFollowing-master/build/leg_dector/build install --record /home/airlab/Downloads/LiDAR_HumanFollowing-master/build/leg_dector/install.log --single-version-externally-managed install_data
[0.861s] running egg_info
[0.862s] writing ../../build/leg_dector/leg_dector.egg-info/PKG-INFO
[0.864s] writing dependency_links to ../../build/leg_dector/leg_dector.egg-info/dependency_links.txt
[0.865s] writing entry points to ../../build/leg_dector/leg_dector.egg-info/entry_points.txt
[0.866s] writing requirements to ../../build/leg_dector/leg_dector.egg-info/requires.txt
[0.866s] writing top-level names to ../../build/leg_dector/leg_dector.egg-info/top_level.txt
[0.893s] reading manifest file '../../build/leg_dector/leg_dector.egg-info/SOURCES.txt'
[0.895s] writing manifest file '../../build/leg_dector/leg_dector.egg-info/SOURCES.txt'
[0.895s] running build
[0.896s] running build_py
[0.897s] running install
[0.898s] running install_lib
[0.900s] running install_data
[0.901s] running install_egg_info
[0.903s] removing '/home/airlab/Downloads/LiDAR_HumanFollowing-master/install/leg_dector/lib/python3.8/site-packages/leg_dector-0.0.0-py3.8.egg-info' (and everything under it)
[0.914s] Copying ../../build/leg_dector/leg_dector.egg-info to /home/airlab/Downloads/LiDAR_HumanFollowing-master/install/leg_dector/lib/python3.8/site-packages/leg_dector-0.0.0-py3.8.egg-info
[0.918s] running install_scripts
[0.934s] Installing go_back script to /home/airlab/Downloads/LiDAR_HumanFollowing-master/install/leg_dector/lib/leg_dector
[0.935s] Installing human_following script to /home/airlab/Downloads/LiDAR_HumanFollowing-master/install/leg_dector/lib/leg_dector
[0.936s] Installing leg_detection script to /home/airlab/Downloads/LiDAR_HumanFollowing-master/install/leg_dector/lib/leg_dector
[0.937s] writing list of installed files to '/home/airlab/Downloads/LiDAR_HumanFollowing-master/build/leg_dector/install.log'
[0.959s] Invoked command in '/home/airlab/Downloads/LiDAR_HumanFollowing-master/src/leg_dector' returned '0': PYTHONPATH=/home/airlab/Downloads/LiDAR_HumanFollowing-master/build/leg_dector/prefix_override:/home/airlab/Downloads/LiDAR_HumanFollowing-master/install/leg_dector/lib/python3.8/site-packages:${PYTHONPATH} /usr/bin/python3 -W ignore:setup.py install is deprecated setup.py egg_info --egg-base ../../build/leg_dector build --build-base /home/airlab/Downloads/LiDAR_HumanFollowing-master/build/leg_dector/build install --record /home/airlab/Downloads/LiDAR_HumanFollowing-master/build/leg_dector/install.log --single-version-externally-managed install_data
