[0.000000] (-) TimerEvent: {}
[0.000202] (leg_dector) JobQueued: {'identifier': 'leg_dector', 'dependencies': OrderedDict()}
[0.000242] (leg_dector) JobStarted: {'identifier': 'leg_dector'}
[0.099477] (-) TimerEvent: {}
[0.199998] (-) TimerEvent: {}
[0.300499] (-) TimerEvent: {}
[0.400987] (-) TimerEvent: {}
[0.494281] (leg_dector) Command: {'cmd': ['/usr/bin/python3', '-W', 'ignore:setup.py install is deprecated', 'setup.py', 'egg_info', '--egg-base', '../../build/leg_dector', 'build', '--build-base', '/home/airlab/Downloads/LiDAR_HumanFollowing-master/build/leg_dector/build', 'install', '--record', '/home/airlab/Downloads/LiDAR_HumanFollowing-master/build/leg_dector/install.log', '--single-version-externally-managed', 'install_data'], 'cwd': '/home/airlab/Downloads/LiDAR_HumanFollowing-master/src/leg_dector', 'env': {'USER': 'airlab', 'LC_TIME': 'lzh_TW', 'SSH_AGENT_PID': '1562', 'XDG_SESSION_TYPE': 'x11', 'SHLVL': '1', 'LD_LIBRARY_PATH': '/opt/ros/galactic/opt/yaml_cpp_vendor/lib:/opt/ros/galactic/opt/rviz_ogre_vendor/lib:/opt/ros/galactic/lib/x86_64-linux-gnu:/opt/ros/galactic/lib', 'HOME': '/home/airlab', 'DESKTOP_SESSION': 'ubuntu', 'ROS_PYTHON_VERSION': '3', 'GNOME_SHELL_SESSION_MODE': 'ubuntu', 'GTK_MODULES': 'gail:atk-bridge', 'LC_MONETARY': 'lzh_TW', 'MANAGERPID': '1424', 'DBUS_STARTER_BUS_TYPE': 'session', 'DBUS_SESSION_BUS_ADDRESS': 'unix:path=/run/user/1000/bus,guid=01f725ac1c0714b642ae965d6698b612', 'COLORTERM': 'truecolor', '_colcon_cd_root': '/opt/ros/galactic/', 'IM_CONFIG_PHASE': '1', 'COLCON_PREFIX_PATH': '/home/airlab/Downloads/LiDAR_HumanFollowing-master/install', 'ROS_DISTRO': 'galactic', 'LOGNAME': 'airlab', 'JOURNAL_STREAM': '8:53585', '_': '/usr/bin/colcon', 'ROS_VERSION': '2', 'XDG_SESSION_CLASS': 'user', 'USERNAME': 'airlab', 'TERM': 'xterm-256color', 'GNOME_DESKTOP_SESSION_ID': 'this-is-deprecated', 'ROS_LOCALHOST_ONLY': '0', 'WINDOWPATH': '2', 'PATH': '/opt/ros/galactic/bin:/usr/local/sbin:/usr/local/bin:/usr/sbin:/usr/bin:/sbin:/bin:/usr/games:/usr/local/games:/snap/bin', 'SESSION_MANAGER': 'local/airlab-virtual-machine:@/tmp/.ICE-unix/1597,unix/airlab-virtual-machine:/tmp/.ICE-unix/1597', 'INVOCATION_ID': '9a500d0098884ec59f39d92c395be261', 'XDG_MENU_PREFIX': 'gnome-', 'LC_ADDRESS': 'lzh_TW', 'GNOME_TERMINAL_SCREEN': '/org/gnome/Terminal/screen/841f7975_51b9_4987_8c38_f301d2c3b73e', 'XDG_RUNTIME_DIR': '/run/user/1000', 'DISPLAY': ':0', 'LANG': 'en_US.UTF-8', 'XDG_CURRENT_DESKTOP': 'ubuntu:GNOME', 'LC_TELEPHONE': 'lzh_TW', 'XMODIFIERS': '@im=ibus', 'XDG_SESSION_DESKTOP': 'ubuntu', 'XAUTHORITY': '/run/user/1000/gdm/Xauthority', 'GNOME_TERMINAL_SERVICE': ':1.81', 'SSH_AUTH_SOCK': '/run/user/1000/keyring/ssh', 'ROS_DOMAIN_ID': '87', 'AMENT_PREFIX_PATH': '/home/airlab/Downloads/LiDAR_HumanFollowing-master/install/leg_dector:/opt/ros/galactic', 'SHELL': '/bin/bash', 'LC_NAME': 'lzh_TW', 'QT_ACCESSIBILITY': '1', 'GDMSESSION': 'ubuntu', 'LC_MEASUREMENT': 'lzh_TW', 'GPG_AGENT_INFO': '/run/user/1000/gnupg/S.gpg-agent:0:1', 'LC_IDENTIFICATION': 'lzh_TW', 'QT_IM_MODULE': 'ibus', 'PWD': '/home/airlab/Downloads/LiDAR_HumanFollowing-master/build/leg_dector', 'LC_ALL': 'en_US.UTF-8', 'XDG_CONFIG_DIRS': '/etc/xdg/xdg-ubuntu:/etc/xdg', 'DBUS_STARTER_ADDRESS': 'unix:path=/run/user/1000/bus,guid=01f725ac1c0714b642ae965d6698b612', 'XDG_DATA_DIRS': '/usr/share/ubuntu:/usr/local/share/:/usr/share/:/var/lib/snapd/desktop', 'PYTHONPATH': '/home/airlab/Downloads/LiDAR_HumanFollowing-master/build/leg_dector/prefix_override:/home/airlab/Downloads/LiDAR_HumanFollowing-master/install/leg_dector/lib/python3.8/site-packages:/home/airlab/Downloads/LiDAR_HumanFollowing-master/install/leg_dector/lib/python3.8/site-packages:/opt/ros/galactic/lib/python3.8/site-packages', 'LC_NUMERIC': 'lzh_TW', 'LC_PAPER': 'lzh_TW', 'COLCON': '1', 'VTE_VERSION': '6003'}, 'shell': False}
[0.501115] (-) TimerEvent: {}
[0.601887] (-) TimerEvent: {}
[0.661954] (leg_dector) StdoutLine: {'line': b'running egg_info\n'}
[0.662374] (leg_dector) StdoutLine: {'line': b'writing ../../build/leg_dector/leg_dector.egg-info/PKG-INFO\n'}
[0.663320] (leg_dector) StdoutLine: {'line': b'writing dependency_links to ../../build/leg_dector/leg_dector.egg-info/dependency_links.txt\n'}
[0.663771] (leg_dector) StdoutLine: {'line': b'writing entry points to ../../build/leg_dector/leg_dector.egg-info/entry_points.txt\n'}
[0.664159] (leg_dector) StdoutLine: {'line': b'writing requirements to ../../build/leg_dector/leg_dector.egg-info/requires.txt\n'}
[0.664864] (leg_dector) StdoutLine: {'line': b'writing top-level names to ../../build/leg_dector/leg_dector.egg-info/top_level.txt\n'}
[0.688564] (leg_dector) StdoutLine: {'line': b"reading manifest file '../../build/leg_dector/leg_dector.egg-info/SOURCES.txt'\n"}
[0.689137] (leg_dector) StdoutLine: {'line': b"writing manifest file '../../build/leg_dector/leg_dector.egg-info/SOURCES.txt'\n"}
[0.689582] (leg_dector) StdoutLine: {'line': b'running build\n'}
[0.689673] (leg_dector) StdoutLine: {'line': b'running build_py\n'}
[0.689794] (leg_dector) StdoutLine: {'line': b'copying leg_dector/leg_detection.py -> /home/airlab/Downloads/LiDAR_HumanFollowing-master/build/leg_dector/build/lib/leg_dector\n'}
[0.690035] (leg_dector) StdoutLine: {'line': b'running install\n'}
[0.690536] (leg_dector) StdoutLine: {'line': b'running install_lib\n'}
[0.691284] (leg_dector) StdoutLine: {'line': b'copying /home/airlab/Downloads/LiDAR_HumanFollowing-master/build/leg_dector/build/lib/leg_dector/leg_detection.py -> /home/airlab/Downloads/LiDAR_HumanFollowing-master/install/leg_dector/lib/python3.8/site-packages/leg_dector\n'}
[0.691704] (leg_dector) StdoutLine: {'line': b'byte-compiling /home/airlab/Downloads/LiDAR_HumanFollowing-master/install/leg_dector/lib/python3.8/site-packages/leg_dector/leg_detection.py to leg_detection.cpython-38.pyc\n'}
[0.694316] (leg_dector) StdoutLine: {'line': b'running install_data\n'}
[0.694476] (leg_dector) StdoutLine: {'line': b'running install_egg_info\n'}
[0.695366] (leg_dector) StdoutLine: {'line': b"removing '/home/airlab/Downloads/LiDAR_HumanFollowing-master/install/leg_dector/lib/python3.8/site-packages/leg_dector-0.0.0-py3.8.egg-info' (and everything under it)\n"}
[0.695581] (leg_dector) StdoutLine: {'line': b'Copying ../../build/leg_dector/leg_dector.egg-info to /home/airlab/Downloads/LiDAR_HumanFollowing-master/install/leg_dector/lib/python3.8/site-packages/leg_dector-0.0.0-py3.8.egg-info\n'}
[0.696183] (leg_dector) StdoutLine: {'line': b'running install_scripts\n'}
[0.702025] (-) TimerEvent: {}
[0.709120] (leg_dector) StdoutLine: {'line': b'Installing human_following script to /home/airlab/Downloads/LiDAR_HumanFollowing-master/install/leg_dector/lib/leg_dector\n'}
[0.709685] (leg_dector) StdoutLine: {'line': b'Installing leg_detection script to /home/airlab/Downloads/LiDAR_HumanFollowing-master/install/leg_dector/lib/leg_dector\n'}
[0.710201] (leg_dector) StdoutLine: {'line': b"writing list of installed files to '/home/airlab/Downloads/LiDAR_HumanFollowing-master/build/leg_dector/install.log'\n"}
[0.726656] (leg_dector) CommandEnded: {'returncode': 0}
[0.738107] (leg_dector) JobEnded: {'identifier': 'leg_dector', 'rc': 0}
[0.738770] (-) EventReactorShutdown: {}
