[1.152s] Invoking command in '/home/airlab/Downloads/LiDAR_HumanFollowing-master/src/leg_dector': PYTHONPATH=/home/airlab/Downloads/LiDAR_HumanFollowing-master/build/leg_dector/prefix_override:/home/airlab/Downloads/LiDAR_HumanFollowing-master/install/leg_dector/lib/python3.8/site-packages:${PYTHONPATH} /usr/bin/python3 -W ignore:setup.py install is deprecated setup.py egg_info --egg-base ../../build/leg_dector build --build-base /home/airlab/Downloads/LiDAR_HumanFollowing-master/build/leg_dector/build install --record /home/airlab/Downloads/LiDAR_HumanFollowing-master/build/leg_dector/install.log --single-version-externally-managed install_data
[1.574s] running egg_info
[1.575s] writing ../../build/leg_dector/leg_dector.egg-info/PKG-INFO
[1.575s] writing dependency_links to ../../build/leg_dector/leg_dector.egg-info/dependency_links.txt
[1.582s] writing entry points to ../../build/leg_dector/leg_dector.egg-info/entry_points.txt
[1.582s] writing requirements to ../../build/leg_dector/leg_dector.egg-info/requires.txt
[1.583s] writing top-level names to ../../build/leg_dector/leg_dector.egg-info/top_level.txt
[1.645s] reading manifest file '../../build/leg_dector/leg_dector.egg-info/SOURCES.txt'
[1.648s] writing manifest file '../../build/leg_dector/leg_dector.egg-info/SOURCES.txt'
[1.648s] running build
[1.649s] running build_py
[1.649s] copying leg_dector/go_back.py -> /home/airlab/Downloads/LiDAR_HumanFollowing-master/build/leg_dector/build/lib/leg_dector
[1.650s] running install
[1.650s] running install_lib
[1.651s] copying /home/airlab/Downloads/LiDAR_HumanFollowing-master/build/leg_dector/build/lib/leg_dector/go_back.py -> /home/airlab/Downloads/LiDAR_HumanFollowing-master/install/leg_dector/lib/python3.8/site-packages/leg_dector
[1.660s] byte-compiling /home/airlab/Downloads/LiDAR_HumanFollowing-master/install/leg_dector/lib/python3.8/site-packages/leg_dector/go_back.py to go_back.cpython-38.pyc
[1.666s] running install_data
[1.666s] running install_egg_info
[1.668s] removing '/home/airlab/Downloads/LiDAR_HumanFollowing-master/install/leg_dector/lib/python3.8/site-packages/leg_dector-0.0.0-py3.8.egg-info' (and everything under it)
[1.682s] Copying ../../build/leg_dector/leg_dector.egg-info to /home/airlab/Downloads/LiDAR_HumanFollowing-master/install/leg_dector/lib/python3.8/site-packages/leg_dector-0.0.0-py3.8.egg-info
[1.684s] running install_scripts
[1.715s] Installing go_back script to /home/airlab/Downloads/LiDAR_HumanFollowing-master/install/leg_dector/lib/leg_dector
[1.715s] Installing human_following script to /home/airlab/Downloads/LiDAR_HumanFollowing-master/install/leg_dector/lib/leg_dector
[1.715s] Installing leg_detection script to /home/airlab/Downloads/LiDAR_HumanFollowing-master/install/leg_dector/lib/leg_dector
[1.718s] writing list of installed files to '/home/airlab/Downloads/LiDAR_HumanFollowing-master/build/leg_dector/install.log'
[1.758s] Invoked command in '/home/airlab/Downloads/LiDAR_HumanFollowing-master/src/leg_dector' returned '0': PYTHONPATH=/home/airlab/Downloads/LiDAR_HumanFollowing-master/build/leg_dector/prefix_override:/home/airlab/Downloads/LiDAR_HumanFollowing-master/install/leg_dector/lib/python3.8/site-packages:${PYTHONPATH} /usr/bin/python3 -W ignore:setup.py install is deprecated setup.py egg_info --egg-base ../../build/leg_dector build --build-base /home/airlab/Downloads/LiDAR_HumanFollowing-master/build/leg_dector/build install --record /home/airlab/Downloads/LiDAR_HumanFollowing-master/build/leg_dector/install.log --single-version-externally-managed install_data
