[0.997s] Invoking command in '/home/airlab/Downloads/LiDAR_HumanFollowing-master/src/leg_dector': PYTHONPATH=/home/airlab/Downloads/LiDAR_HumanFollowing-master/build/leg_dector/prefix_override:/home/airlab/Downloads/LiDAR_HumanFollowing-master/install/leg_dector/lib/python3.8/site-packages:${PYTHONPATH} /usr/bin/python3 -W ignore:setup.py install is deprecated setup.py egg_info --egg-base ../../build/leg_dector build --build-base /home/airlab/Downloads/LiDAR_HumanFollowing-master/build/leg_dector/build install --record /home/airlab/Downloads/LiDAR_HumanFollowing-master/build/leg_dector/install.log --single-version-externally-managed install_data
[1.399s] running egg_info
[1.400s] writing ../../build/leg_dector/leg_dector.egg-info/PKG-INFO
[1.406s] writing dependency_links to ../../build/leg_dector/leg_dector.egg-info/dependency_links.txt
[1.407s] writing entry points to ../../build/leg_dector/leg_dector.egg-info/entry_points.txt
[1.407s] writing requirements to ../../build/leg_dector/leg_dector.egg-info/requires.txt
[1.407s] writing top-level names to ../../build/leg_dector/leg_dector.egg-info/top_level.txt
[1.442s] reading manifest file '../../build/leg_dector/leg_dector.egg-info/SOURCES.txt'
[1.443s] writing manifest file '../../build/leg_dector/leg_dector.egg-info/SOURCES.txt'
[1.443s] running build
[1.443s] running build_py
[1.444s] running install
[1.444s] running install_lib
[1.453s] running install_data
[1.453s] running install_egg_info
[1.454s] removing '/home/airlab/Downloads/LiDAR_HumanFollowing-master/install/leg_dector/lib/python3.8/site-packages/leg_dector-0.0.0-py3.8.egg-info' (and everything under it)
[1.456s] Copying ../../build/leg_dector/leg_dector.egg-info to /home/airlab/Downloads/LiDAR_HumanFollowing-master/install/leg_dector/lib/python3.8/site-packages/leg_dector-0.0.0-py3.8.egg-info
[1.456s] running install_scripts
[1.470s] Installing go_back script to /home/airlab/Downloads/LiDAR_HumanFollowing-master/install/leg_dector/lib/leg_dector
[1.471s] Installing human_following script to /home/airlab/Downloads/LiDAR_HumanFollowing-master/install/leg_dector/lib/leg_dector
[1.471s] Installing leg_detection script to /home/airlab/Downloads/LiDAR_HumanFollowing-master/install/leg_dector/lib/leg_dector
[1.471s] writing list of installed files to '/home/airlab/Downloads/LiDAR_HumanFollowing-master/build/leg_dector/install.log'
[1.502s] Invoked command in '/home/airlab/Downloads/LiDAR_HumanFollowing-master/src/leg_dector' returned '0': PYTHONPATH=/home/airlab/Downloads/LiDAR_HumanFollowing-master/build/leg_dector/prefix_override:/home/airlab/Downloads/LiDAR_HumanFollowing-master/install/leg_dector/lib/python3.8/site-packages:${PYTHONPATH} /usr/bin/python3 -W ignore:setup.py install is deprecated setup.py egg_info --egg-base ../../build/leg_dector build --build-base /home/airlab/Downloads/LiDAR_HumanFollowing-master/build/leg_dector/build install --record /home/airlab/Downloads/LiDAR_HumanFollowing-master/build/leg_dector/install.log --single-version-externally-managed install_data
