[0.584s] Invoking command in '/home/airlab/Downloads/LiDAR_HumanFollowing-master/src/leg_dector': PYTHONPATH=/home/airlab/Downloads/LiDAR_HumanFollowing-master/build/leg_dector/prefix_override:/home/airlab/Downloads/LiDAR_HumanFollowing-master/install/leg_dector/lib/python3.8/site-packages:${PYTHONPATH} /usr/bin/python3 -W ignore:setup.py install is deprecated setup.py egg_info --egg-base ../../build/leg_dector build --build-base /home/airlab/Downloads/LiDAR_HumanFollowing-master/build/leg_dector/build install --record /home/airlab/Downloads/LiDAR_HumanFollowing-master/build/leg_dector/install.log --single-version-externally-managed install_data
[0.797s] running egg_info
[0.798s] writing ../../build/leg_dector/leg_dector.egg-info/PKG-INFO
[0.799s] writing dependency_links to ../../build/leg_dector/leg_dector.egg-info/dependency_links.txt
[0.799s] writing entry points to ../../build/leg_dector/leg_dector.egg-info/entry_points.txt
[0.801s] writing requirements to ../../build/leg_dector/leg_dector.egg-info/requires.txt
[0.801s] writing top-level names to ../../build/leg_dector/leg_dector.egg-info/top_level.txt
[0.837s] reading manifest file '../../build/leg_dector/leg_dector.egg-info/SOURCES.txt'
[0.838s] writing manifest file '../../build/leg_dector/leg_dector.egg-info/SOURCES.txt'
[0.839s] running build
[0.839s] running build_py
[0.840s] copying leg_dector/leg_detection.py -> /home/airlab/Downloads/LiDAR_HumanFollowing-master/build/leg_dector/build/lib/leg_dector
[0.841s] running install
[0.842s] running install_lib
[0.843s] copying /home/airlab/Downloads/LiDAR_HumanFollowing-master/build/leg_dector/build/lib/leg_dector/leg_detection.py -> /home/airlab/Downloads/LiDAR_HumanFollowing-master/install/leg_dector/lib/python3.8/site-packages/leg_dector
[0.845s] byte-compiling /home/airlab/Downloads/LiDAR_HumanFollowing-master/install/leg_dector/lib/python3.8/site-packages/leg_dector/leg_detection.py to leg_detection.cpython-38.pyc
[0.848s] running install_data
[0.849s] running install_egg_info
[0.851s] removing '/home/airlab/Downloads/LiDAR_HumanFollowing-master/install/leg_dector/lib/python3.8/site-packages/leg_dector-0.0.0-py3.8.egg-info' (and everything under it)
[0.861s] Copying ../../build/leg_dector/leg_dector.egg-info to /home/airlab/Downloads/LiDAR_HumanFollowing-master/install/leg_dector/lib/python3.8/site-packages/leg_dector-0.0.0-py3.8.egg-info
[0.866s] running install_scripts
[0.880s] Installing human_following script to /home/airlab/Downloads/LiDAR_HumanFollowing-master/install/leg_dector/lib/leg_dector
[0.881s] Installing leg_detection script to /home/airlab/Downloads/LiDAR_HumanFollowing-master/install/leg_dector/lib/leg_dector
[0.882s] writing list of installed files to '/home/airlab/Downloads/LiDAR_HumanFollowing-master/build/leg_dector/install.log'
[0.899s] Invoked command in '/home/airlab/Downloads/LiDAR_HumanFollowing-master/src/leg_dector' returned '0': PYTHONPATH=/home/airlab/Downloads/LiDAR_HumanFollowing-master/build/leg_dector/prefix_override:/home/airlab/Downloads/LiDAR_HumanFollowing-master/install/leg_dector/lib/python3.8/site-packages:${PYTHONPATH} /usr/bin/python3 -W ignore:setup.py install is deprecated setup.py egg_info --egg-base ../../build/leg_dector build --build-base /home/airlab/Downloads/LiDAR_HumanFollowing-master/build/leg_dector/build install --record /home/airlab/Downloads/LiDAR_HumanFollowing-master/build/leg_dector/install.log --single-version-externally-managed install_data
