[0.299s] DEBUG:colcon:Command line arguments: ['/usr/bin/colcon', 'build']
[0.300s] DEBUG:colcon:Parsed command line arguments: Namespace(allow_overriding=[], ament_cmake_args=None, base_paths=['.'], build_base='build', catkin_cmake_args=None, catkin_skip_building_tests=False, cmake_args=None, cmake_clean_cache=False, cmake_clean_first=False, cmake_force_configure=False, cmake_target=None, cmake_target_skip_unavailable=False, continue_on_error=False, event_handlers=None, executor='parallel', ignore_user_meta=False, install_base='install', log_base=None, log_level=None, main=<bound method BuildVerb.main of <colcon_core.verb.build.BuildVerb object at 0x7fb6630499a0>>, merge_install=False, metas=['./colcon.meta'], packages_above=None, packages_above_and_dependencies=None, packages_above_depth=None, packages_end=None, packages_ignore=None, packages_ignore_regex=None, packages_select=None, packages_select_build_failed=False, packages_select_by_dep=None, packages_select_regex=None, packages_select_test_failures=False, packages_skip=None, packages_skip_build_finished=False, packages_skip_by_dep=None, packages_skip_regex=None, packages_skip_test_passed=False, packages_skip_up_to=None, packages_start=None, packages_up_to=None, packages_up_to_regex=None, parallel_workers=2, paths=None, symlink_install=False, test_result_base=None, verb_extension=<colcon_core.verb.build.BuildVerb object at 0x7fb6630499a0>, verb_name='build', verb_parser=<colcon_defaults.argument_parser.defaults.DefaultArgumentsDecorator object at 0x7fb662fb8430>)
[0.506s] Level 1:colcon.colcon_core.package_discovery:discover_packages(colcon_meta) check parameters
[0.507s] Level 1:colcon.colcon_core.package_discovery:discover_packages(recursive) check parameters
[0.507s] Level 1:colcon.colcon_core.package_discovery:discover_packages(ignore) check parameters
[0.507s] Level 1:colcon.colcon_core.package_discovery:discover_packages(path) check parameters
[0.507s] Level 1:colcon.colcon_core.package_discovery:discover_packages(colcon_meta) discover
[0.507s] Level 1:colcon.colcon_core.package_discovery:discover_packages(recursive) discover
[0.507s] INFO:colcon.colcon_core.package_discovery:Crawling recursively for packages in '/home/airlab/Downloads/LiDAR_HumanFollowing-master'
[0.508s] Level 1:colcon.colcon_core.package_identification:_identify(.) by extensions ['ignore', 'ignore_ament_install']
[0.508s] Level 1:colcon.colcon_core.package_identification:_identify(.) by extension 'ignore'
[0.508s] Level 1:colcon.colcon_core.package_identification:_identify(.) by extension 'ignore_ament_install'
[0.508s] Level 1:colcon.colcon_core.package_identification:_identify(.) by extensions ['colcon_pkg']
[0.508s] Level 1:colcon.colcon_core.package_identification:_identify(.) by extension 'colcon_pkg'
[0.508s] Level 1:colcon.colcon_core.package_identification:_identify(.) by extensions ['colcon_meta']
[0.508s] Level 1:colcon.colcon_core.package_identification:_identify(.) by extension 'colcon_meta'
[0.508s] Level 1:colcon.colcon_core.package_identification:_identify(.) by extensions ['ros']
[0.509s] Level 1:colcon.colcon_core.package_identification:_identify(.) by extension 'ros'
[0.518s] Level 1:colcon.colcon_core.package_identification:_identify(.) by extensions ['cmake', 'python']
[0.519s] Level 1:colcon.colcon_core.package_identification:_identify(.) by extension 'cmake'
[0.519s] Level 1:colcon.colcon_core.package_identification:_identify(.) by extension 'python'
[0.519s] Level 1:colcon.colcon_core.package_identification:_identify(.) by extensions ['python_setup_py']
[0.519s] Level 1:colcon.colcon_core.package_identification:_identify(.) by extension 'python_setup_py'
[0.519s] Level 1:colcon.colcon_core.package_identification:_identify(build) by extensions ['ignore', 'ignore_ament_install']
[0.519s] Level 1:colcon.colcon_core.package_identification:_identify(build) by extension 'ignore'
[0.519s] Level 1:colcon.colcon_core.package_identification:_identify(build) ignored
[0.520s] Level 1:colcon.colcon_core.package_identification:_identify(install) by extensions ['ignore', 'ignore_ament_install']
[0.520s] Level 1:colcon.colcon_core.package_identification:_identify(install) by extension 'ignore'
[0.520s] Level 1:colcon.colcon_core.package_identification:_identify(install) ignored
[0.521s] Level 1:colcon.colcon_core.package_identification:_identify(log) by extensions ['ignore', 'ignore_ament_install']
[0.521s] Level 1:colcon.colcon_core.package_identification:_identify(log) by extension 'ignore'
[0.521s] Level 1:colcon.colcon_core.package_identification:_identify(log) ignored
[0.521s] Level 1:colcon.colcon_core.package_identification:_identify(src) by extensions ['ignore', 'ignore_ament_install']
[0.521s] Level 1:colcon.colcon_core.package_identification:_identify(src) by extension 'ignore'
[0.521s] Level 1:colcon.colcon_core.package_identification:_identify(src) by extension 'ignore_ament_install'
[0.521s] Level 1:colcon.colcon_core.package_identification:_identify(src) by extensions ['colcon_pkg']
[0.522s] Level 1:colcon.colcon_core.package_identification:_identify(src) by extension 'colcon_pkg'
[0.522s] Level 1:colcon.colcon_core.package_identification:_identify(src) by extensions ['colcon_meta']
[0.522s] Level 1:colcon.colcon_core.package_identification:_identify(src) by extension 'colcon_meta'
[0.522s] Level 1:colcon.colcon_core.package_identification:_identify(src) by extensions ['ros']
[0.522s] Level 1:colcon.colcon_core.package_identification:_identify(src) by extension 'ros'
[0.522s] Level 1:colcon.colcon_core.package_identification:_identify(src) by extensions ['cmake', 'python']
[0.522s] Level 1:colcon.colcon_core.package_identification:_identify(src) by extension 'cmake'
[0.523s] Level 1:colcon.colcon_core.package_identification:_identify(src) by extension 'python'
[0.523s] Level 1:colcon.colcon_core.package_identification:_identify(src) by extensions ['python_setup_py']
[0.523s] Level 1:colcon.colcon_core.package_identification:_identify(src) by extension 'python_setup_py'
[0.523s] Level 1:colcon.colcon_core.package_identification:_identify(src/leg_dector) by extensions ['ignore', 'ignore_ament_install']
[0.523s] Level 1:colcon.colcon_core.package_identification:_identify(src/leg_dector) by extension 'ignore'
[0.523s] Level 1:colcon.colcon_core.package_identification:_identify(src/leg_dector) by extension 'ignore_ament_install'
[0.523s] Level 1:colcon.colcon_core.package_identification:_identify(src/leg_dector) by extensions ['colcon_pkg']
[0.523s] Level 1:colcon.colcon_core.package_identification:_identify(src/leg_dector) by extension 'colcon_pkg'
[0.524s] Level 1:colcon.colcon_core.package_identification:_identify(src/leg_dector) by extensions ['colcon_meta']
[0.524s] Level 1:colcon.colcon_core.package_identification:_identify(src/leg_dector) by extension 'colcon_meta'
[0.524s] Level 1:colcon.colcon_core.package_identification:_identify(src/leg_dector) by extensions ['ros']
[0.524s] Level 1:colcon.colcon_core.package_identification:_identify(src/leg_dector) by extension 'ros'
[0.535s] DEBUG:colcon.colcon_core.package_identification:Package 'src/leg_dector' with type 'ros.ament_python' and name 'leg_dector'
[0.535s] Level 1:colcon.colcon_core.package_discovery:discover_packages(recursive) using defaults
[0.535s] Level 1:colcon.colcon_core.package_discovery:discover_packages(ignore) discover
[0.535s] Level 1:colcon.colcon_core.package_discovery:discover_packages(ignore) using defaults
[0.535s] Level 1:colcon.colcon_core.package_discovery:discover_packages(path) discover
[0.535s] Level 1:colcon.colcon_core.package_discovery:discover_packages(path) using defaults
[0.555s] Level 1:colcon.colcon_core.package_discovery:discover_packages(prefix_path) check parameters
[0.556s] Level 1:colcon.colcon_core.package_discovery:discover_packages(prefix_path) discover
[0.558s] DEBUG:colcon.colcon_installed_package_information.package_discovery:Found 1 installed packages in /home/airlab/Downloads/LiDAR_HumanFollowing-master/install
[0.561s] DEBUG:colcon.colcon_installed_package_information.package_discovery:Found 317 installed packages in /opt/ros/galactic
[0.580s] Level 1:colcon.colcon_core.package_discovery:discover_packages(prefix_path) using defaults
[0.671s] Level 5:colcon.colcon_core.verb:set package 'leg_dector' build argument 'cmake_args' from command line to 'None'
[0.671s] Level 5:colcon.colcon_core.verb:set package 'leg_dector' build argument 'cmake_target' from command line to 'None'
[0.671s] Level 5:colcon.colcon_core.verb:set package 'leg_dector' build argument 'cmake_target_skip_unavailable' from command line to 'False'
[0.671s] Level 5:colcon.colcon_core.verb:set package 'leg_dector' build argument 'cmake_clean_cache' from command line to 'False'
[0.671s] Level 5:colcon.colcon_core.verb:set package 'leg_dector' build argument 'cmake_clean_first' from command line to 'False'
[0.672s] Level 5:colcon.colcon_core.verb:set package 'leg_dector' build argument 'cmake_force_configure' from command line to 'False'
[0.672s] Level 5:colcon.colcon_core.verb:set package 'leg_dector' build argument 'ament_cmake_args' from command line to 'None'
[0.672s] Level 5:colcon.colcon_core.verb:set package 'leg_dector' build argument 'catkin_cmake_args' from command line to 'None'
[0.672s] Level 5:colcon.colcon_core.verb:set package 'leg_dector' build argument 'catkin_skip_building_tests' from command line to 'False'
[0.672s] DEBUG:colcon.colcon_core.verb:Building package 'leg_dector' with the following arguments: {'ament_cmake_args': None, 'build_base': '/home/airlab/Downloads/LiDAR_HumanFollowing-master/build/leg_dector', 'catkin_cmake_args': None, 'catkin_skip_building_tests': False, 'cmake_args': None, 'cmake_clean_cache': False, 'cmake_clean_first': False, 'cmake_force_configure': False, 'cmake_target': None, 'cmake_target_skip_unavailable': False, 'install_base': '/home/airlab/Downloads/LiDAR_HumanFollowing-master/install/leg_dector', 'merge_install': False, 'path': '/home/airlab/Downloads/LiDAR_HumanFollowing-master/src/leg_dector', 'symlink_install': False, 'test_result_base': None}
[0.672s] INFO:colcon.colcon_core.executor:Executing jobs using 'parallel' executor
[0.680s] DEBUG:colcon.colcon_parallel_executor.executor.parallel:run_until_complete
[0.680s] INFO:colcon.colcon_ros.task.ament_python.build:Building ROS package in '/home/airlab/Downloads/LiDAR_HumanFollowing-master/src/leg_dector' with build type 'ament_python'
[0.681s] Level 1:colcon.colcon_core.shell:create_environment_hook('leg_dector', 'ament_prefix_path')
[0.682s] INFO:colcon.colcon_core.plugin_system:Skipping extension 'colcon_core.shell.bat': Not used on non-Windows systems
[0.682s] INFO:colcon.colcon_core.shell:Creating environment hook '/home/airlab/Downloads/LiDAR_HumanFollowing-master/install/leg_dector/share/leg_dector/hook/ament_prefix_path.ps1'
[0.683s] INFO:colcon.colcon_core.shell:Creating environment descriptor '/home/airlab/Downloads/LiDAR_HumanFollowing-master/install/leg_dector/share/leg_dector/hook/ament_prefix_path.dsv'
[0.684s] INFO:colcon.colcon_core.shell:Creating environment hook '/home/airlab/Downloads/LiDAR_HumanFollowing-master/install/leg_dector/share/leg_dector/hook/ament_prefix_path.sh'
[0.685s] INFO:colcon.colcon_core.shell:Skip shell extension 'powershell' for command environment: Not usable outside of PowerShell
[0.685s] DEBUG:colcon.colcon_core.shell:Skip shell extension 'dsv' for command environment
[1.036s] INFO:colcon.colcon_core.task.python.build:Building Python package in '/home/airlab/Downloads/LiDAR_HumanFollowing-master/src/leg_dector'
[1.038s] INFO:colcon.colcon_core.shell:Skip shell extension 'powershell' for command environment: Not usable outside of PowerShell
[1.038s] DEBUG:colcon.colcon_core.shell:Skip shell extension 'dsv' for command environment
[1.734s] DEBUG:colcon.colcon_core.event_handler.log_command:Invoking command in '/home/airlab/Downloads/LiDAR_HumanFollowing-master/src/leg_dector': PYTHONPATH=/home/airlab/Downloads/LiDAR_HumanFollowing-master/build/leg_dector/prefix_override:/home/airlab/Downloads/LiDAR_HumanFollowing-master/install/leg_dector/lib/python3.8/site-packages:${PYTHONPATH} /usr/bin/python3 -W ignore:setup.py install is deprecated setup.py egg_info --egg-base ../../build/leg_dector build --build-base /home/airlab/Downloads/LiDAR_HumanFollowing-master/build/leg_dector/build install --record /home/airlab/Downloads/LiDAR_HumanFollowing-master/build/leg_dector/install.log --single-version-externally-managed install_data
[2.359s] Level 1:colcon.colcon_core.environment:checking '/home/airlab/Downloads/LiDAR_HumanFollowing-master/install/leg_dector' for CMake module files
[2.361s] Level 1:colcon.colcon_core.environment:checking '/home/airlab/Downloads/LiDAR_HumanFollowing-master/install/leg_dector' for CMake config files
[2.362s] DEBUG:colcon.colcon_core.event_handler.log_command:Invoked command in '/home/airlab/Downloads/LiDAR_HumanFollowing-master/src/leg_dector' returned '0': PYTHONPATH=/home/airlab/Downloads/LiDAR_HumanFollowing-master/build/leg_dector/prefix_override:/home/airlab/Downloads/LiDAR_HumanFollowing-master/install/leg_dector/lib/python3.8/site-packages:${PYTHONPATH} /usr/bin/python3 -W ignore:setup.py install is deprecated setup.py egg_info --egg-base ../../build/leg_dector build --build-base /home/airlab/Downloads/LiDAR_HumanFollowing-master/build/leg_dector/build install --record /home/airlab/Downloads/LiDAR_HumanFollowing-master/build/leg_dector/install.log --single-version-externally-managed install_data
[2.363s] Level 1:colcon.colcon_core.environment:checking '/home/airlab/Downloads/LiDAR_HumanFollowing-master/install/leg_dector/lib'
[2.364s] Level 1:colcon.colcon_core.environment:checking '/home/airlab/Downloads/LiDAR_HumanFollowing-master/install/leg_dector/bin'
[2.364s] Level 1:colcon.colcon_core.environment:checking '/home/airlab/Downloads/LiDAR_HumanFollowing-master/install/leg_dector/lib/pkgconfig/leg_dector.pc'
[2.364s] Level 1:colcon.colcon_core.environment:checking '/home/airlab/Downloads/LiDAR_HumanFollowing-master/install/leg_dector/lib/python3.8/site-packages'
[2.364s] Level 1:colcon.colcon_core.shell:create_environment_hook('leg_dector', 'pythonpath')
[2.364s] INFO:colcon.colcon_core.shell:Creating environment hook '/home/airlab/Downloads/LiDAR_HumanFollowing-master/install/leg_dector/share/leg_dector/hook/pythonpath.ps1'
[2.367s] INFO:colcon.colcon_core.shell:Creating environment descriptor '/home/airlab/Downloads/LiDAR_HumanFollowing-master/install/leg_dector/share/leg_dector/hook/pythonpath.dsv'
[2.369s] INFO:colcon.colcon_core.shell:Creating environment hook '/home/airlab/Downloads/LiDAR_HumanFollowing-master/install/leg_dector/share/leg_dector/hook/pythonpath.sh'
[2.372s] Level 1:colcon.colcon_core.environment:checking '/home/airlab/Downloads/LiDAR_HumanFollowing-master/install/leg_dector/bin'
[2.372s] Level 1:colcon.colcon_core.environment:create_environment_scripts_only(leg_dector)
[2.372s] INFO:colcon.colcon_core.shell:Creating package script '/home/airlab/Downloads/LiDAR_HumanFollowing-master/install/leg_dector/share/leg_dector/package.ps1'
[2.378s] INFO:colcon.colcon_core.shell:Creating package descriptor '/home/airlab/Downloads/LiDAR_HumanFollowing-master/install/leg_dector/share/leg_dector/package.dsv'
[2.379s] INFO:colcon.colcon_core.shell:Creating package script '/home/airlab/Downloads/LiDAR_HumanFollowing-master/install/leg_dector/share/leg_dector/package.sh'
[2.381s] INFO:colcon.colcon_core.shell:Creating package script '/home/airlab/Downloads/LiDAR_HumanFollowing-master/install/leg_dector/share/leg_dector/package.bash'
[2.381s] INFO:colcon.colcon_core.shell:Creating package script '/home/airlab/Downloads/LiDAR_HumanFollowing-master/install/leg_dector/share/leg_dector/package.zsh'
[2.387s] Level 1:colcon.colcon_core.environment:create_file_with_runtime_dependencies(/home/airlab/Downloads/LiDAR_HumanFollowing-master/install/leg_dector/share/colcon-core/packages/leg_dector)
[2.388s] DEBUG:colcon.colcon_parallel_executor.executor.parallel:closing loop
[2.388s] DEBUG:colcon.colcon_parallel_executor.executor.parallel:loop closed
[2.388s] DEBUG:colcon.colcon_parallel_executor.executor.parallel:run_until_complete finished with '0'
[2.388s] DEBUG:colcon.colcon_core.event_reactor:joining thread
[2.397s] INFO:colcon.colcon_core.plugin_system:Skipping extension 'colcon_notification.desktop_notification.terminal_notifier': Not used on non-Darwin systems
[2.397s] INFO:colcon.colcon_core.plugin_system:Skipping extension 'colcon_notification.desktop_notification.win32': Not used on non-Windows systems
[2.397s] INFO:colcon.colcon_notification.desktop_notification:Sending desktop notification using 'notify2'
[2.445s] DEBUG:colcon.colcon_core.event_reactor:joined thread
[2.445s] INFO:colcon.colcon_core.shell:Creating prefix script '/home/airlab/Downloads/LiDAR_HumanFollowing-master/install/local_setup.ps1'
[2.446s] INFO:colcon.colcon_core.shell:Creating prefix util module '/home/airlab/Downloads/LiDAR_HumanFollowing-master/install/_local_setup_util_ps1.py'
[2.447s] INFO:colcon.colcon_core.shell:Creating prefix chain script '/home/airlab/Downloads/LiDAR_HumanFollowing-master/install/setup.ps1'
[2.448s] INFO:colcon.colcon_core.shell:Creating prefix script '/home/airlab/Downloads/LiDAR_HumanFollowing-master/install/local_setup.sh'
[2.449s] INFO:colcon.colcon_core.shell:Creating prefix util module '/home/airlab/Downloads/LiDAR_HumanFollowing-master/install/_local_setup_util_sh.py'
[2.449s] INFO:colcon.colcon_core.shell:Creating prefix chain script '/home/airlab/Downloads/LiDAR_HumanFollowing-master/install/setup.sh'
[2.450s] INFO:colcon.colcon_core.shell:Creating prefix script '/home/airlab/Downloads/LiDAR_HumanFollowing-master/install/local_setup.bash'
[2.450s] INFO:colcon.colcon_core.shell:Creating prefix chain script '/home/airlab/Downloads/LiDAR_HumanFollowing-master/install/setup.bash'
[2.451s] INFO:colcon.colcon_core.shell:Creating prefix script '/home/airlab/Downloads/LiDAR_HumanFollowing-master/install/local_setup.zsh'
[2.451s] INFO:colcon.colcon_core.shell:Creating prefix chain script '/home/airlab/Downloads/LiDAR_HumanFollowing-master/install/setup.zsh'
