[0.761s] Invoking command in '/home/airlab/Downloads/LiDAR_HumanFollowing-master/src/leg_dector': PYTHONPATH=/home/airlab/Downloads/LiDAR_HumanFollowing-master/build/leg_dector/prefix_override:/home/airlab/Downloads/LiDAR_HumanFollowing-master/install/leg_dector/lib/python3.8/site-packages:${PYTHONPATH} /usr/bin/python3 -W ignore:setup.py install is deprecated setup.py egg_info --egg-base ../../build/leg_dector build --build-base /home/airlab/Downloads/LiDAR_HumanFollowing-master/build/leg_dector/build install --record /home/airlab/Downloads/LiDAR_HumanFollowing-master/build/leg_dector/install.log --single-version-externally-managed install_data
[1.059s] running egg_info
[1.060s] writing ../../build/leg_dector/leg_dector.egg-info/PKG-INFO
[1.061s] writing dependency_links to ../../build/leg_dector/leg_dector.egg-info/dependency_links.txt
[1.061s] writing entry points to ../../build/leg_dector/leg_dector.egg-info/entry_points.txt
[1.061s] writing requirements to ../../build/leg_dector/leg_dector.egg-info/requires.txt
[1.061s] writing top-level names to ../../build/leg_dector/leg_dector.egg-info/top_level.txt
[1.096s] reading manifest file '../../build/leg_dector/leg_dector.egg-info/SOURCES.txt'
[1.097s] writing manifest file '../../build/leg_dector/leg_dector.egg-info/SOURCES.txt'
[1.097s] running build
[1.099s] running build_py
[1.099s] copying leg_dector/go_back.py -> /home/airlab/Downloads/LiDAR_HumanFollowing-master/build/leg_dector/build/lib/leg_dector
[1.100s] running install
[1.100s] running install_lib
[1.101s] copying /home/airlab/Downloads/LiDAR_HumanFollowing-master/build/leg_dector/build/lib/leg_dector/go_back.py -> /home/airlab/Downloads/LiDAR_HumanFollowing-master/install/leg_dector/lib/python3.8/site-packages/leg_dector
[1.101s] byte-compiling /home/airlab/Downloads/LiDAR_HumanFollowing-master/install/leg_dector/lib/python3.8/site-packages/leg_dector/go_back.py to go_back.cpython-38.pyc
[1.110s] running install_data
[1.110s] running install_egg_info
[1.111s] removing '/home/airlab/Downloads/LiDAR_HumanFollowing-master/install/leg_dector/lib/python3.8/site-packages/leg_dector-0.0.0-py3.8.egg-info' (and everything under it)
[1.123s] Copying ../../build/leg_dector/leg_dector.egg-info to /home/airlab/Downloads/LiDAR_HumanFollowing-master/install/leg_dector/lib/python3.8/site-packages/leg_dector-0.0.0-py3.8.egg-info
[1.123s] running install_scripts
[1.144s] Installing go_back script to /home/airlab/Downloads/LiDAR_HumanFollowing-master/install/leg_dector/lib/leg_dector
[1.145s] Installing human_following script to /home/airlab/Downloads/LiDAR_HumanFollowing-master/install/leg_dector/lib/leg_dector
[1.145s] Installing leg_detection script to /home/airlab/Downloads/LiDAR_HumanFollowing-master/install/leg_dector/lib/leg_dector
[1.145s] writing list of installed files to '/home/airlab/Downloads/LiDAR_HumanFollowing-master/build/leg_dector/install.log'
[1.172s] Invoked command in '/home/airlab/Downloads/LiDAR_HumanFollowing-master/src/leg_dector' returned '0': PYTHONPATH=/home/airlab/Downloads/LiDAR_HumanFollowing-master/build/leg_dector/prefix_override:/home/airlab/Downloads/LiDAR_HumanFollowing-master/install/leg_dector/lib/python3.8/site-packages:${PYTHONPATH} /usr/bin/python3 -W ignore:setup.py install is deprecated setup.py egg_info --egg-base ../../build/leg_dector build --build-base /home/airlab/Downloads/LiDAR_HumanFollowing-master/build/leg_dector/build install --record /home/airlab/Downloads/LiDAR_HumanFollowing-master/build/leg_dector/install.log --single-version-externally-managed install_data
