[0.526s] Invoking command in '/home/airlab/Downloads/LiDAR_HumanFollowing-master/src/leg_dector': PYTHONPATH=/home/airlab/Downloads/LiDAR_HumanFollowing-master/build/leg_dector/prefix_override:/home/airlab/Downloads/LiDAR_HumanFollowing-master/install/leg_dector/lib/python3.8/site-packages:${PYTHONPATH} /usr/bin/python3 -W ignore:setup.py install is deprecated setup.py egg_info --egg-base ../../build/leg_dector build --build-base /home/airlab/Downloads/LiDAR_HumanFollowing-master/build/leg_dector/build install --record /home/airlab/Downloads/LiDAR_HumanFollowing-master/build/leg_dector/install.log --single-version-externally-managed install_data
[0.705s] running egg_info
[0.706s] writing ../../build/leg_dector/leg_dector.egg-info/PKG-INFO
[0.707s] writing dependency_links to ../../build/leg_dector/leg_dector.egg-info/dependency_links.txt
[0.708s] writing entry points to ../../build/leg_dector/leg_dector.egg-info/entry_points.txt
[0.709s] writing requirements to ../../build/leg_dector/leg_dector.egg-info/requires.txt
[0.709s] writing top-level names to ../../build/leg_dector/leg_dector.egg-info/top_level.txt
[0.735s] reading manifest file '../../build/leg_dector/leg_dector.egg-info/SOURCES.txt'
[0.736s] writing manifest file '../../build/leg_dector/leg_dector.egg-info/SOURCES.txt'
[0.737s] running build
[0.737s] running build_py
[0.737s] copying leg_dector/go_back.py -> /home/airlab/Downloads/LiDAR_HumanFollowing-master/build/leg_dector/build/lib/leg_dector
[0.738s] running install
[0.739s] running install_lib
[0.740s] copying /home/airlab/Downloads/LiDAR_HumanFollowing-master/build/leg_dector/build/lib/leg_dector/go_back.py -> /home/airlab/Downloads/LiDAR_HumanFollowing-master/install/leg_dector/lib/python3.8/site-packages/leg_dector
[0.741s] byte-compiling /home/airlab/Downloads/LiDAR_HumanFollowing-master/install/leg_dector/lib/python3.8/site-packages/leg_dector/go_back.py to go_back.cpython-38.pyc
[0.746s] running install_data
[0.746s] running install_egg_info
[0.747s] removing '/home/airlab/Downloads/LiDAR_HumanFollowing-master/install/leg_dector/lib/python3.8/site-packages/leg_dector-0.0.0-py3.8.egg-info' (and everything under it)
[0.752s] Copying ../../build/leg_dector/leg_dector.egg-info to /home/airlab/Downloads/LiDAR_HumanFollowing-master/install/leg_dector/lib/python3.8/site-packages/leg_dector-0.0.0-py3.8.egg-info
[0.755s] running install_scripts
[0.767s] Installing go_back script to /home/airlab/Downloads/LiDAR_HumanFollowing-master/install/leg_dector/lib/leg_dector
[0.774s] Installing human_following script to /home/airlab/Downloads/LiDAR_HumanFollowing-master/install/leg_dector/lib/leg_dector
[0.774s] Installing leg_detection script to /home/airlab/Downloads/LiDAR_HumanFollowing-master/install/leg_dector/lib/leg_dector
[0.774s] writing list of installed files to '/home/airlab/Downloads/LiDAR_HumanFollowing-master/build/leg_dector/install.log'
[0.786s] Invoked command in '/home/airlab/Downloads/LiDAR_HumanFollowing-master/src/leg_dector' returned '0': PYTHONPATH=/home/airlab/Downloads/LiDAR_HumanFollowing-master/build/leg_dector/prefix_override:/home/airlab/Downloads/LiDAR_HumanFollowing-master/install/leg_dector/lib/python3.8/site-packages:${PYTHONPATH} /usr/bin/python3 -W ignore:setup.py install is deprecated setup.py egg_info --egg-base ../../build/leg_dector build --build-base /home/airlab/Downloads/LiDAR_HumanFollowing-master/build/leg_dector/build install --record /home/airlab/Downloads/LiDAR_HumanFollowing-master/build/leg_dector/install.log --single-version-externally-managed install_data
